2015-05-05 15:53:30.218 ACT[51249:6356005] DiskCookieStorage changing policy from 2 to 0, cookie file: file:///Users/namishah/Library/Developer/CoreSimulator/Devices/02BE0CDA-987E-474D-AC86-A4DDE172C8DC/data/Containers/Data/Application/993D2D03-82A1-4FD7-A0C1-F3B283008B17/Library/Cookies/Cookies.binarycookies
2015-05-05 15:53:30.444 ACT[51249:6356005] Apache Cordova native platform version 3.8.0 is starting.
2015-05-05 15:53:30.444 ACT[51249:6356005] Multi-tasking -> Device: YES, App: YES
2015-05-05 15:53:30.460 ACT[51249:6356005] Unlimited access to network resources
2015-05-05 15:53:30.766 ACT[51249:6356005] [CDVTimer][keyboard] 0.054002ms
2015-05-05 15:53:30.766 ACT[51249:6356005] [CDVTimer][TotalPluginStartup] 0.227034ms
2015-05-05 15:53:31.129 ACT[51249:6356005] Resetting plugins due to page load.
2015-05-05 15:53:31.318 ACT[51249:6356005] Finished load of: file:///Users/namishah/Library/Developer/CoreSimulator/Devices/02BE0CDA-987E-474D-AC86-A4DDE172C8DC/data/Containers/Bundle/Application/2256A616-0E32-4211-9B93-FA022F9FDA75/ACT.app/www/index.html#/tab/dash
2015-05-06 17:25:50.723 ACT[56963:6962310] DiskCookieStorage changing policy from 2 to 0, cookie file: file:///Users/namishah/Library/Developer/CoreSimulator/Devices/02BE0CDA-987E-474D-AC86-A4DDE172C8DC/data/Containers/Data/Application/8B02653B-A838-463C-AC74-2D8954DD08C5/Library/Cookies/Cookies.binarycookies
2015-05-06 17:25:50.975 ACT[56963:6962310] Apache Cordova native platform version 3.8.0 is starting.
2015-05-06 17:25:50.976 ACT[56963:6962310] Multi-tasking -> Device: YES, App: YES
2015-05-06 17:25:50.992 ACT[56963:6962310] Unlimited access to network resources
2015-05-06 17:25:51.312 ACT[56963:6962310] [CDVTimer][keyboard] 0.073016ms
2015-05-06 17:25:51.312 ACT[56963:6962310] [CDVTimer][TotalPluginStartup] 0.524044ms
2015-05-06 17:25:51.578 ACT[56963:6962310] Resetting plugins due to page load.
2015-05-06 17:25:51.931 ACT[56963:6962310] Finished load of: file:///Users/namishah/Library/Developer/CoreSimulator/Devices/02BE0CDA-987E-474D-AC86-A4DDE172C8DC/data/Containers/Bundle/Application/9294782A-4615-42B0-9502-5535DCFEB600/ACT.app/www/index.html#/tab/map
2015-05-06 17:26:04.148 ACT[56963:6962310] Clicked
2015-05-06 17:26:08.776 ACT[56963:6962310] Clicked
2015-05-06 17:26:13.185 ACT[56963:6962310] Clicked
2015-05-06 17:26:15.609 ACT[56963:6962310] Clicked
2015-05-06 17:27:11.238 ACT[56963:6965090] Terminating since there is no system app.
